[2009-01-10 01:00:40,523] INFO [41] target ==/opt/sources/
[2009-01-10 01:00:40,523] INFO [42] output == None
[2009-01-10 01:00:40,523] INFO [43] rule == None
[2009-01-10 01:00:40,533] INFO [47] 开始扫描...
[2009-01-10 01:00:40,534] INFO [89] 规则文件总个数：9
[2009-01-10 01:00:40,540] INFO [73] 规则条数为9
[2009-01-10 01:00:40,540] INFO [164] 100002日志规则扫描开始...
[2009-01-10 01:00:44,673] INFO [168] 100002日志规则扫描结束，共耗时4.13316202164s
[2009-01-10 01:00:44,673] INFO [192] 120001深度规则扫描开始...
[2009-01-10 01:01:19,873] INFO [82] 文件/opt/sources/src/person.cpp存在变量重复赋值！
[2009-01-10 01:01:19,873] INFO [83] [
    {
        "main": {
            "kind": "CursorKind.FUNCTION_DECL", 
            "start_line": 41, 
            "end_line": 64, 
            "vul": {
                "durian": {
                    "line:52": "  durian = aResultSet->add_int(durian);\r", 
                    "line:53": "  durian = bResultSet->sub_int(durian);\r", 
                    "line:54": "  durian = cResultSet->sub_int(durian);"
                }, 
                "jack": {
                    "line:58": "  jack = bResultSet->sub_int(durian);\r", 
                    "line:59": "  jack = gResultSet->sub_int(durian);", 
                    "line:57": "  jack = eResultSet->add_int(durian);\r"
                }
            }, 
            "file": "/opt/sources/src/person.cpp"
        }
    }
]
[2009-01-10 01:03:06,911] INFO [203] 120001深度规则扫描结束，共耗时1.49436402321s
[2009-01-10 01:03:06,912] INFO [178] 110001函数注释规则扫描开始...
[2009-01-10 01:03:07,033] INFO [182] 110001函数注释规则扫描结束，共耗时0.120820999146s
[2009-01-10 01:03:07,033] INFO [164] 100003日志规则扫描开始...
[2009-01-10 01:03:11,298] INFO [168] 100003日志规则扫描结束，共耗时4.26495909691s
[2009-01-10 01:03:11,299] INFO [178] 110002函数注释规则扫描开始...
[2009-01-10 01:03:11,304] INFO [182] 110002函数注释规则扫描结束，共耗时0.00542593002319s
[2009-01-10 01:03:11,305] INFO [149] 200001静态规则扫描开始...
[2009-01-10 01:03:11,451] INFO [153] 200001静态规则扫描结束，共耗时0.146450042725s
[2009-01-10 01:03:11,452] INFO [164] 100005日志规则扫描开始...
[2009-01-10 01:03:15,708] INFO [168] 100005日志规则扫描结束，共耗时4.25606298447s
[2009-01-10 01:03:15,708] INFO [164] 100004日志规则扫描开始...
[2009-01-10 01:03:19,989] INFO [168] 100004日志规则扫描结束，共耗时4.28091287613s
[2009-01-10 01:03:19,990] INFO [164] 100001日志规则扫描开始...
[2009-01-10 01:03:24,362] INFO [168] 100001日志规则扫描结束，共耗时4.37175512314s
[2009-01-10 01:03:24,362] INFO [48] result path == /home/jiang/Durian/result
[2009-01-10 01:03:24,362] INFO [49] result max_num == 5
[2009-01-10 01:03:24,363] INFO [52] result files size == 5
[2009-01-10 01:03:24,363] INFO [60] result file nums < 5   ...
[2009-01-10 01:03:24,373] INFO [41] receiver == ['jiangying23707@hundsun.com', '\n2435978786@qq.com']
[2009-01-10 01:03:24,373] INFO [43] host=mail.hundsun.com,port=25
[2009-01-10 01:03:24,396] INFO [60] add attach file success!
[2009-01-10 01:03:24,396] INFO [62] start login
[2009-01-10 01:03:24,982] INFO [67] [EMAIL] Email delivered successfully.
[2009-01-10 01:03:24,982] INFO [46] [INIT] Done! Consume Time:164.460779905s
[2009-01-10 10:50:56,660] INFO [41] target ==/home/jiang/Sources
[2009-01-10 10:50:56,660] INFO [42] output == None
[2009-01-10 10:50:56,660] INFO [43] rule == None
[2009-01-10 10:50:56,674] INFO [47] 开始扫描...
[2009-01-10 10:50:56,675] INFO [89] 规则文件总个数：9
[2009-01-10 10:50:56,706] INFO [73] 规则条数为9
[2009-01-10 10:50:56,706] INFO [164] 100002日志规则扫描开始...
[2009-01-10 10:51:01,019] INFO [168] 100002日志规则扫描结束，共耗时4.31327414513s
[2009-01-10 10:51:01,020] INFO [192] 120001深度规则扫描开始...
[2009-01-10 10:52:28,004] INFO [203] 120001深度规则扫描结束，共耗时1.39017295837s
[2009-01-10 10:52:28,004] INFO [178] 110001函数注释规则扫描开始...
[2009-01-10 10:52:28,114] INFO [182] 110001函数注释规则扫描结束，共耗时0.108979940414s
[2009-01-10 10:52:28,114] INFO [164] 100003日志规则扫描开始...
[2009-01-10 10:52:32,382] INFO [168] 100003日志规则扫描结束，共耗时4.26735401154s
[2009-01-10 10:52:32,382] INFO [178] 110002函数注释规则扫描开始...
[2009-01-10 10:52:32,388] INFO [182] 110002函数注释规则扫描结束，共耗时0.00539398193359s
[2009-01-10 10:52:32,388] INFO [149] 200001静态规则扫描开始...
[2009-01-10 10:52:33,962] INFO [221]  > continue(out)...
[2009-01-10 10:52:33,962] INFO [153] 200001静态规则扫描结束，共耗时1.57449507713s
[2009-01-10 10:52:33,963] INFO [164] 100005日志规则扫描开始...
[2009-01-10 10:52:38,220] INFO [168] 100005日志规则扫描结束，共耗时4.25698590279s
[2009-01-10 10:52:38,220] INFO [164] 100004日志规则扫描开始...
[2009-01-10 10:52:42,655] INFO [168] 100004日志规则扫描结束，共耗时4.43484592438s
[2009-01-10 10:52:42,655] INFO [164] 100001日志规则扫描开始...
[2009-01-10 10:52:46,983] INFO [168] 100001日志规则扫描结束，共耗时4.32771015167s
[2009-01-10 10:52:46,984] INFO [48] result path == /home/jiang/Durian/result
[2009-01-10 10:52:46,984] INFO [49] result max_num == 5
[2009-01-10 10:52:46,984] INFO [52] result files size == 6
[2009-01-10 10:52:46,985] INFO [54] result下文件大于5个，清空...
[2009-01-10 10:52:46,996] INFO [41] receiver == ['jiangying23707@hundsun.com', '\n2435978786@qq.com']
[2009-01-10 10:52:46,996] INFO [43] host=mail.hundsun.com,port=25
[2009-01-10 10:52:47,014] INFO [60] add attach file success!
[2009-01-10 10:52:47,014] INFO [62] start login
[2009-01-10 10:52:52,179] INFO [67] [EMAIL] Email delivered successfully.
[2009-01-10 10:52:52,179] INFO [46] [INIT] Done! Consume Time:115.520334005s
[2009-01-12 11:06:47,598] INFO [41] target ==/home/jiang/Sources
[2009-01-12 11:06:47,598] INFO [42] output == None
[2009-01-12 11:06:47,598] INFO [43] rule == None
[2009-01-12 11:06:47,618] INFO [47] 开始扫描...
[2009-01-12 11:06:47,619] INFO [89] 规则文件总个数：9
[2009-01-12 11:06:47,647] INFO [73] 规则条数为9
[2009-01-12 11:06:47,647] INFO [164] 100002日志规则扫描开始...
[2009-01-12 11:06:51,885] INFO [168] 100002日志规则扫描结束，共耗时4.23721981049s
[2009-01-12 11:06:51,885] INFO [192] 120001深度规则扫描开始...
[2009-01-12 11:08:14,688] INFO [203] 120001深度规则扫描结束，共耗时1.4832341671s
[2009-01-12 11:08:14,689] INFO [178] 110001函数注释规则扫描开始...
[2009-01-12 11:08:14,831] INFO [182] 110001函数注释规则扫描结束，共耗时0.142345905304s
[2009-01-12 11:08:14,832] INFO [164] 100003日志规则扫描开始...
[2009-01-12 11:08:19,147] INFO [168] 100003日志规则扫描结束，共耗时4.31528091431s
[2009-01-12 11:08:19,148] INFO [178] 110002函数注释规则扫描开始...
[2009-01-12 11:08:19,153] INFO [182] 110002函数注释规则扫描结束，共耗时0.00550007820129s
[2009-01-12 11:08:19,154] INFO [149] 200001静态规则扫描开始...
[2009-01-12 11:08:20,876] INFO [221]  > continue(out)...
[2009-01-12 11:08:20,876] INFO [153] 200001静态规则扫描结束，共耗时1.7221391201s
[2009-01-12 11:08:20,876] INFO [164] 100005日志规则扫描开始...
[2009-01-12 11:08:25,119] INFO [168] 100005日志规则扫描结束，共耗时4.24228096008s
[2009-01-12 11:08:25,119] INFO [164] 100004日志规则扫描开始...
[2009-01-12 11:08:29,263] INFO [168] 100004日志规则扫描结束，共耗时4.14362192154s
[2009-01-12 11:08:29,263] INFO [164] 100001日志规则扫描开始...
[2009-01-12 11:08:33,400] INFO [168] 100001日志规则扫描结束，共耗时4.13696789742s
[2009-01-12 11:08:33,401] INFO [48] result path == /home/jiang/Durian/result
[2009-01-12 11:08:33,401] INFO [49] result max_num == 5
[2009-01-12 11:08:33,401] INFO [52] result files size == 1
[2009-01-12 11:08:33,401] INFO [60] result file nums < 5   ...
[2009-01-12 11:08:33,411] INFO [41] receiver == ['jiangying23707@hundsun.com', '\n2435978786@qq.com']
[2009-01-12 11:08:33,411] INFO [43] host=mail.hundsun.com,port=25
[2009-01-12 11:08:33,428] INFO [60] add attach file success!
[2009-01-12 11:08:33,428] INFO [62] start login
[2009-01-12 11:08:34,012] INFO [67] [EMAIL] Email delivered successfully.
[2009-01-12 11:08:34,012] INFO [46] [INIT] Done! Consume Time:106.415899038s
[2009-01-12 13:21:53,472] INFO [41] target ==/home/jiang/Sources
[2009-01-12 13:21:53,472] INFO [42] output == None
[2009-01-12 13:21:53,472] INFO [43] rule == None
[2009-01-12 13:21:53,482] INFO [47] 开始扫描...
[2009-01-12 13:21:53,483] INFO [89] 规则文件总个数：9
[2009-01-12 13:21:53,489] INFO [73] 规则条数为9
[2009-01-12 13:21:53,489] INFO [164] 100002日志规则扫描开始...
[2009-01-12 13:21:57,711] INFO [168] 100002日志规则扫描结束，共耗时4.22236299515s
[2009-01-12 13:21:57,712] INFO [192] 120001深度规则扫描开始...
[2009-01-12 13:23:21,290] INFO [203] 120001深度规则扫描结束，共耗时1.42399382591s
[2009-01-12 13:23:21,290] INFO [178] 110001函数注释规则扫描开始...
[2009-01-12 13:23:21,399] INFO [182] 110001函数注释规则扫描结束，共耗时0.108317136765s
[2009-01-12 13:23:21,399] INFO [164] 100003日志规则扫描开始...
[2009-01-12 13:23:25,474] INFO [168] 100003日志规则扫描结束，共耗时4.07466101646s
[2009-01-12 13:23:25,474] INFO [178] 110002函数注释规则扫描开始...
[2009-01-12 13:23:25,480] INFO [182] 110002函数注释规则扫描结束，共耗时0.0049889087677s
[2009-01-12 13:23:25,480] INFO [149] 200001静态规则扫描开始...
[2009-01-12 13:23:25,631] INFO [221]  > continue(out)...
[2009-01-12 13:23:25,631] INFO [153] 200001静态规则扫描结束，共耗时0.151067018509s
[2009-01-12 13:23:25,631] INFO [164] 100005日志规则扫描开始...
[2009-01-12 13:23:29,966] INFO [168] 100005日志规则扫描结束，共耗时4.33420610428s
[2009-01-12 13:23:29,966] INFO [164] 100004日志规则扫描开始...
[2009-01-12 13:23:34,242] INFO [168] 100004日志规则扫描结束，共耗时4.27542591095s
[2009-01-12 13:23:34,242] INFO [164] 100001日志规则扫描开始...
[2009-01-12 13:23:38,363] INFO [168] 100001日志规则扫描结束，共耗时4.12072396278s
[2009-01-12 13:23:38,364] INFO [48] result path == /home/jiang/Durian/result
[2009-01-12 13:23:38,364] INFO [49] result max_num == 5
[2009-01-12 13:23:38,364] INFO [52] result files size == 2
[2009-01-12 13:23:38,364] INFO [60] result file nums < 5   ...
[2009-01-12 13:23:38,375] INFO [41] receiver == ['jiangying23707@hundsun.com', '\n2435978786@qq.com']
[2009-01-12 13:23:38,375] INFO [43] host=mail.hundsun.com,port=25
[2009-01-12 13:23:38,392] INFO [60] add attach file success!
[2009-01-12 13:23:38,392] INFO [62] start login
[2009-01-12 13:23:38,853] INFO [67] [EMAIL] Email delivered successfully.
[2009-01-12 13:23:38,853] INFO [46] [INIT] Done! Consume Time:105.382645845s
[2009-01-12 15:15:45,366] INFO [41] target ==/home/jiang/Sources
[2009-01-12 15:15:45,366] INFO [42] output == None
[2009-01-12 15:15:45,366] INFO [43] rule == None
[2009-01-12 15:15:45,376] INFO [47] 开始扫描...
[2009-01-12 15:15:45,377] INFO [89] 规则文件总个数：9
[2009-01-12 15:15:45,388] INFO [73] 规则条数为9
[2009-01-12 15:15:45,388] INFO [164] 100002日志规则扫描开始...
[2009-01-12 15:15:49,551] INFO [168] 100002日志规则扫描结束，共耗时4.16321110725s
[2009-01-12 15:15:49,552] INFO [192] 120001深度规则扫描开始...
[2009-01-12 15:15:49,552] WARNING [199] -t路径下没有src目录，跳过cvi-120001.xml规则扫描...
[2009-01-12 15:15:49,579] INFO [203] 120001深度规则扫描结束，共耗时0.000221967697144s
[2009-01-12 15:15:49,580] INFO [178] 110001函数注释规则扫描开始...
[2009-01-12 15:15:49,584] INFO [182] 110001函数注释规则扫描结束，共耗时0.00437092781067s
[2009-01-12 15:15:49,584] INFO [164] 100003日志规则扫描开始...
[2009-01-12 15:15:53,812] INFO [168] 100003日志规则扫描结束，共耗时4.22721886635s
[2009-01-12 15:15:53,812] INFO [178] 110002函数注释规则扫描开始...
[2009-01-12 15:15:53,817] INFO [182] 110002函数注释规则扫描结束，共耗时0.00446701049805s
[2009-01-12 15:15:53,817] INFO [149] 200001静态规则扫描开始...
[2009-01-12 15:15:53,966] INFO [221]  > continue(out)...
[2009-01-12 15:15:53,966] INFO [153] 200001静态规则扫描结束，共耗时0.149108171463s
[2009-01-12 15:15:53,967] INFO [164] 100005日志规则扫描开始...
[2009-01-12 15:15:58,254] INFO [168] 100005日志规则扫描结束，共耗时4.28721213341s
[2009-01-12 15:15:58,254] INFO [164] 100004日志规则扫描开始...
[2009-01-12 15:16:02,487] INFO [168] 100004日志规则扫描结束，共耗时4.23255801201s
[2009-01-12 15:16:02,487] INFO [164] 100001日志规则扫描开始...
[2009-01-12 15:16:06,645] INFO [168] 100001日志规则扫描结束，共耗时4.15793800354s
[2009-01-12 15:16:06,646] INFO [48] result path == /home/jiang/Durian/result
[2009-01-12 15:16:06,646] INFO [49] result max_num == 5
[2009-01-12 15:16:06,646] INFO [52] result files size == 3
[2009-01-12 15:16:06,646] INFO [60] result file nums < 5   ...
[2009-01-12 15:16:06,653] INFO [41] receiver == ['jiangying23707@hundsun.com', '\n2435978786@qq.com']
[2009-01-12 15:16:06,653] INFO [43] host=mail.hundsun.com,port=25
[2009-01-12 15:16:06,665] INFO [60] add attach file success!
[2009-01-12 15:16:06,666] INFO [62] start login
[2009-01-12 15:16:07,150] INFO [67] [EMAIL] Email delivered successfully.
[2009-01-12 15:16:07,150] INFO [46] [INIT] Done! Consume Time:21.7857108116s
[2009-01-12 15:24:07,701] INFO [41] target ==/home/jiang/Sources
[2009-01-12 15:24:07,701] INFO [42] output == None
[2009-01-12 15:24:07,702] INFO [43] rule == None
[2009-01-12 15:24:07,711] INFO [47] 开始扫描...
[2009-01-12 15:24:07,713] INFO [89] 规则文件总个数：9
[2009-01-12 15:24:07,718] INFO [73] 规则条数为9
[2009-01-12 15:24:07,719] INFO [164] 100002日志规则扫描开始...
[2009-01-12 15:24:11,992] INFO [168] 100002日志规则扫描结束，共耗时4.273198843s
[2009-01-12 15:24:11,993] INFO [192] 120001深度规则扫描开始...
[2009-01-12 15:24:11,993] WARNING [199] -t路径下没有src目录，跳过cvi-120001.xml规则扫描...
[2009-01-12 15:24:12,018] INFO [203] 120001深度规则扫描结束，共耗时0.000227928161621s
[2009-01-12 15:24:12,018] INFO [178] 110001函数注释规则扫描开始...
[2009-01-12 15:24:12,023] INFO [182] 110001函数注释规则扫描结束，共耗时0.00453996658325s
[2009-01-12 15:24:12,023] INFO [164] 100003日志规则扫描开始...
[2009-01-12 15:24:16,125] INFO [168] 100003日志规则扫描结束，共耗时4.10205817223s
[2009-01-12 15:24:16,126] INFO [178] 110002函数注释规则扫描开始...
[2009-01-12 15:24:16,131] INFO [182] 110002函数注释规则扫描结束，共耗时0.00467300415039s
[2009-01-12 15:24:16,131] INFO [149] 200001静态规则扫描开始...
[2009-01-12 15:24:16,285] INFO [221]  > continue(out)...
[2009-01-12 15:24:16,285] INFO [153] 200001静态规则扫描结束，共耗时0.154108047485s
[2009-01-12 15:24:16,285] INFO [164] 100005日志规则扫描开始...
[2009-01-12 15:24:20,501] INFO [168] 100005日志规则扫描结束，共耗时4.21556782722s
[2009-01-12 15:24:20,501] INFO [164] 100004日志规则扫描开始...
[2009-01-12 15:24:24,712] INFO [168] 100004日志规则扫描结束，共耗时4.21079993248s
[2009-01-12 15:24:24,713] INFO [164] 100001日志规则扫描开始...
[2009-01-12 15:24:28,922] INFO [168] 100001日志规则扫描结束，共耗时4.20881795883s
[2009-01-12 15:24:28,922] INFO [48] result path == /home/jiang/Durian/result
[2009-01-12 15:24:28,922] INFO [49] result max_num == 5
[2009-01-12 15:24:28,923] INFO [52] result files size == 4
[2009-01-12 15:24:28,923] INFO [60] result file nums < 5   ...
[2009-01-12 15:24:28,929] INFO [41] receiver == ['jiangying23707@hundsun.com', '\n2435978786@qq.com']
[2009-01-12 15:24:28,929] INFO [43] host=mail.hundsun.com,port=25
[2009-01-12 15:24:28,939] INFO [60] add attach file success!
[2009-01-12 15:24:28,939] INFO [62] start login
[2009-01-12 15:24:29,536] INFO [67] [EMAIL] Email delivered successfully.
[2009-01-12 15:24:29,537] INFO [46] [INIT] Done! Consume Time:21.8371729851s
[2009-01-12 15:25:46,583] INFO [41] target ==/home/jiang/Sources/src1/algo/Login.cpp
[2009-01-12 15:25:46,583] INFO [42] output == None
[2009-01-12 15:25:46,583] INFO [43] rule == None
[2009-01-12 15:25:46,592] INFO [47] 开始扫描...
[2009-01-12 15:25:46,594] INFO [89] 规则文件总个数：9
[2009-01-12 15:25:46,600] INFO [73] 规则条数为9
[2009-01-12 15:25:46,600] INFO [164] 100002日志规则扫描开始...
[2009-01-12 15:25:46,605] INFO [263]  > 没有匹配到该日志规则结果(out),continue...
[2009-01-12 15:25:46,606] CRITICAL [279] scan log print exception ()
[2009-01-12 15:25:46,606] INFO [168] 100002日志规则扫描结束，共耗时0.00603795051575s
[2009-01-12 15:25:46,607] INFO [192] 120001深度规则扫描开始...
[2009-01-12 15:25:46,607] WARNING [199] -t路径下没有src目录，跳过cvi-120001.xml规则扫描...
[2009-01-12 15:25:46,693] INFO [203] 120001深度规则扫描结束，共耗时0.00023889541626s
[2009-01-12 15:25:46,693] INFO [178] 110001函数注释规则扫描开始...
[2009-01-12 15:25:46,698] INFO [182] 110001函数注释规则扫描结束，共耗时0.00482892990112s
[2009-01-12 15:25:46,699] INFO [164] 100003日志规则扫描开始...
[2009-01-12 15:25:46,704] INFO [263]  > 没有匹配到该日志规则结果(out),continue...
[2009-01-12 15:25:46,704] CRITICAL [279] scan log print exception ()
[2009-01-12 15:25:46,705] INFO [168] 100003日志规则扫描结束，共耗时0.00558686256409s
[2009-01-12 15:25:46,705] INFO [178] 110002函数注释规则扫描开始...
[2009-01-12 15:25:46,709] INFO [182] 110002函数注释规则扫描结束，共耗时0.00406503677368s
[2009-01-12 15:25:46,709] INFO [149] 200001静态规则扫描开始...
[2009-01-12 15:25:46,712] INFO [221]  > continue(out)...
[2009-01-12 15:25:46,712] INFO [153] 200001静态规则扫描结束，共耗时0.002769947052s
[2009-01-12 15:25:46,712] INFO [164] 100005日志规则扫描开始...
[2009-01-12 15:25:46,717] INFO [263]  > 没有匹配到该日志规则结果(out),continue...
[2009-01-12 15:25:46,717] CRITICAL [279] scan log print exception ()
[2009-01-12 15:25:46,717] INFO [168] 100005日志规则扫描结束，共耗时0.00477719306946s
[2009-01-12 15:25:46,718] INFO [164] 100004日志规则扫描开始...
[2009-01-12 15:25:46,723] INFO [263]  > 没有匹配到该日志规则结果(out),continue...
[2009-01-12 15:25:46,724] CRITICAL [279] scan log print exception ()
[2009-01-12 15:25:46,724] INFO [168] 100004日志规则扫描结束，共耗时0.00637602806091s
[2009-01-12 15:25:46,724] INFO [164] 100001日志规则扫描开始...
[2009-01-12 15:25:46,728] INFO [263]  > 没有匹配到该日志规则结果(out),continue...
[2009-01-12 15:25:46,729] CRITICAL [279] scan log print exception ()
[2009-01-12 15:25:46,729] INFO [168] 100001日志规则扫描结束，共耗时0.00477504730225s
[2009-01-12 15:25:46,730] INFO [48] result path == /home/jiang/Durian/result
[2009-01-12 15:25:46,730] INFO [49] result max_num == 5
[2009-01-12 15:25:46,730] INFO [52] result files size == 5
[2009-01-12 15:25:46,730] INFO [60] result file nums < 5   ...
[2009-01-12 15:25:46,733] INFO [41] receiver == ['jiangying23707@hundsun.com', '\n2435978786@qq.com']
[2009-01-12 15:25:46,733] INFO [43] host=mail.hundsun.com,port=25
[2009-01-12 15:25:46,739] INFO [60] add attach file success!
[2009-01-12 15:25:46,739] INFO [62] start login
[2009-01-12 15:25:47,131] INFO [67] [EMAIL] Email delivered successfully.
[2009-01-12 15:25:47,131] INFO [46] [INIT] Done! Consume Time:0.549742937088s
[2018-03-05 01:51:05,222] INFO [41] target ==/home/jiang/Sources
[2018-03-05 01:51:05,225] INFO [42] output == None
[2018-03-05 01:51:05,225] INFO [43] rule == None
[2018-03-05 01:51:05,243] INFO [47] 开始扫描...
[2018-03-05 01:51:05,244] INFO [89] 规则文件总个数：9
[2018-03-05 01:51:05,256] INFO [73] 规则条数为9
[2018-03-05 01:51:05,256] INFO [164] 100002日志规则扫描开始...
[2018-03-05 01:51:09,580] INFO [168] 100002日志规则扫描结束，共耗时4.32329702377s
[2018-03-05 01:51:09,580] INFO [192] 120001深度规则扫描开始...
[2018-03-05 01:51:09,580] WARNING [199] -t路径下没有src目录，跳过cvi-120001.xml规则扫描...
[2018-03-05 01:51:09,591] INFO [203] 120001深度规则扫描结束，共耗时0.000219821929932s
[2018-03-05 01:51:09,592] INFO [178] 110001函数注释规则扫描开始...
[2018-03-05 01:51:09,596] INFO [182] 110001函数注释规则扫描结束，共耗时0.0045108795166s
[2018-03-05 01:51:09,597] INFO [164] 100003日志规则扫描开始...
[2018-03-05 01:51:13,773] INFO [168] 100003日志规则扫描结束，共耗时4.17632985115s
[2018-03-05 01:51:13,773] INFO [178] 110002函数注释规则扫描开始...
[2018-03-05 01:51:13,778] INFO [182] 110002函数注释规则扫描结束，共耗时0.00436615943909s
[2018-03-05 01:51:13,778] INFO [149] 200001静态规则扫描开始...
[2018-03-05 01:51:15,631] INFO [221]  > continue(out)...
[2018-03-05 01:51:15,631] INFO [153] 200001静态规则扫描结束，共耗时1.85253787041s
[2018-03-05 01:51:15,631] INFO [164] 100005日志规则扫描开始...
[2018-03-05 01:51:19,753] INFO [168] 100005日志规则扫描结束，共耗时4.1218419075s
[2018-03-05 01:51:19,754] INFO [164] 100004日志规则扫描开始...
[2018-03-05 01:51:23,836] INFO [168] 100004日志规则扫描结束，共耗时4.0817899704s
[2018-03-05 01:51:23,836] INFO [164] 100001日志规则扫描开始...
[2018-03-05 01:51:27,909] INFO [168] 100001日志规则扫描结束，共耗时4.07346796989s
[2018-03-05 01:51:27,911] INFO [48] result path == /home/jiang/Durian/result
[2018-03-05 01:51:27,911] INFO [49] result max_num == 5
[2018-03-05 01:51:27,911] INFO [52] result files size == 7
[2018-03-05 01:51:27,911] INFO [54] result下文件大于5个，清空...
[2018-03-05 01:51:27,918] INFO [41] receiver == ['jiangying23707@hundsun.com', '\n2435978786@qq.com']
[2018-03-05 01:51:27,919] INFO [43] host=mail.hundsun.com,port=25
[2018-03-05 01:51:27,930] INFO [60] add attach file success!
[2018-03-05 01:51:27,930] INFO [62] start login
[2018-03-05 01:51:28,986] INFO [67] [EMAIL] Email delivered successfully.
[2018-03-05 01:51:28,987] INFO [46] [INIT] Done! Consume Time:23.7659540176s
[2018-03-12 04:10:33,284] INFO [41] target ==/home/jiang/Sources
[2018-03-12 04:10:33,285] INFO [42] output == None
[2018-03-12 04:10:33,285] INFO [43] rule == None
[2018-03-12 04:10:33,314] INFO [47] 开始扫描...
[2018-03-12 04:10:33,315] INFO [89] 规则文件总个数：9
[2018-03-12 04:10:33,350] INFO [73] 规则条数为9
[2018-03-12 04:10:33,350] INFO [164] 100002日志规则扫描开始...
[2018-03-12 04:10:37,639] INFO [168] 100002日志规则扫描结束，共耗时4.28870892525s
[2018-03-12 04:10:37,639] INFO [192] 120001深度规则扫描开始...
[2018-03-12 04:10:37,640] WARNING [199] -t路径下没有src目录，跳过cvi-120001.xml规则扫描...
[2018-03-12 04:10:37,679] INFO [203] 120001深度规则扫描结束，共耗时0.000174045562744s
[2018-03-12 04:10:37,679] INFO [178] 110001函数注释规则扫描开始...
[2018-03-12 04:10:37,683] INFO [182] 110001函数注释规则扫描结束，共耗时0.00422096252441s
[2018-03-12 04:10:37,684] INFO [164] 100003日志规则扫描开始...
[2018-03-12 04:10:42,031] INFO [168] 100003日志规则扫描结束，共耗时4.34714102745s
[2018-03-12 04:10:42,031] INFO [178] 110002函数注释规则扫描开始...
[2018-03-12 04:10:42,036] INFO [182] 110002函数注释规则扫描结束，共耗时0.00451707839966s
[2018-03-12 04:10:42,037] INFO [149] 200001静态规则扫描开始...
[2018-03-12 04:10:44,048] INFO [221]  > continue(out)...
[2018-03-12 04:10:44,049] INFO [153] 200001静态规则扫描结束，共耗时2.01177597046s
[2018-03-12 04:10:44,049] INFO [164] 100005日志规则扫描开始...
[2018-03-12 04:10:48,402] INFO [168] 100005日志规则扫描结束，共耗时4.35264396667s
[2018-03-12 04:10:48,402] INFO [164] 100004日志规则扫描开始...
[2018-03-12 04:10:52,666] INFO [168] 100004日志规则扫描结束，共耗时4.26429605484s
[2018-03-12 04:10:52,667] INFO [164] 100001日志规则扫描开始...
[2018-03-12 04:10:56,859] INFO [168] 100001日志规则扫描结束，共耗时4.19249415398s
[2018-03-12 04:10:56,866] INFO [48] result path == /home/jiang/Durian/result
[2018-03-12 04:10:56,866] INFO [49] result max_num == 5
[2018-03-12 04:10:56,866] INFO [52] result files size == 1
[2018-03-12 04:10:56,867] INFO [60] result file nums < 5   ...
[2018-03-12 04:10:56,873] INFO [41] receiver == ['jiangying23707@hundsun.com', '\n2435978786@qq.com']
[2018-03-12 04:10:56,873] INFO [43] host=mail.hundsun.com,port=25
[2018-03-12 04:10:56,885] INFO [60] add attach file success!
[2018-03-12 04:10:56,885] INFO [62] start login
[2018-03-12 04:10:57,401] INFO [67] [EMAIL] Email delivered successfully.
[2018-03-12 04:10:57,401] INFO [46] [INIT] Done! Consume Time:24.1178400517s
[2018-04-27 19:55:53,575] INFO [41] target ==/home/jiangying/Sources
[2018-04-27 19:55:53,575] INFO [42] output == None
[2018-04-27 19:55:53,575] INFO [43] rule == None
[2018-04-27 19:55:53,687] INFO [47] 开始扫描...
[2018-04-27 19:55:53,689] INFO [89] 规则文件总个数：9
[2018-04-27 19:55:53,723] INFO [73] 规则条数为9
[2018-04-27 19:55:53,723] INFO [164] 100001日志规则扫描开始...
[2018-04-27 19:55:58,700] INFO [168] 100001日志规则扫描结束，共耗时4.97647690773s
[2018-04-27 19:55:58,701] INFO [164] 100002日志规则扫描开始...
[2018-04-27 19:56:02,915] INFO [168] 100002日志规则扫描结束，共耗时4.21430110931s
[2018-04-27 19:56:02,915] INFO [164] 100003日志规则扫描开始...
[2018-04-27 19:56:06,592] INFO [168] 100003日志规则扫描结束，共耗时3.67689180374s
[2018-04-27 19:56:06,593] INFO [164] 100004日志规则扫描开始...
[2018-04-27 19:56:10,750] INFO [168] 100004日志规则扫描结束，共耗时4.15703701973s
[2018-04-27 19:56:10,750] INFO [164] 100005日志规则扫描开始...
[2018-04-27 19:56:14,898] INFO [168] 100005日志规则扫描结束，共耗时4.14735007286s
[2018-04-27 19:56:14,898] INFO [178] 110001函数注释规则扫描开始...
[2018-04-27 19:56:16,226] INFO [182] 110001函数注释规则扫描结束，共耗时1.32830905914s
[2018-04-27 19:56:16,227] INFO [178] 110002函数注释规则扫描开始...
[2018-04-27 19:56:16,235] INFO [182] 110002函数注释规则扫描结束，共耗时0.00823211669922s
[2018-04-27 19:56:16,236] INFO [192] 120001深度规则扫描开始...
[2018-04-27 19:58:23,042] INFO [203] 120001深度规则扫描结束，共耗时1.19329380989s
[2018-04-27 19:58:23,058] INFO [149] 200001静态规则扫描开始...
[2018-04-27 19:58:28,446] INFO [221]  > continue(out)...
[2018-04-27 19:58:28,448] INFO [153] 200001静态规则扫描结束，共耗时5.38955688477s
[2018-04-27 19:58:28,462] INFO [48] result path == /home/jiangying/Durian/result
[2018-04-27 19:58:28,464] INFO [49] result max_num == 5
[2018-04-27 19:58:28,465] INFO [52] result files size == 8
[2018-04-27 19:58:28,467] INFO [54] result下文件大于5个，清空...
[2018-04-27 19:58:28,548] INFO [45] receiver == ['', 'jiangying1110@outlook.com']
[2018-04-27 19:58:28,549] INFO [47] host=mail.hundsun.com,port=25
[2018-04-27 20:00:36,141] CRITICAL [48] main exception ()
[2018-04-27 20:00:36,218] WARNING [50] Traceback (most recent call last):
  File "/home/jiangying/Durian/src/__init__.py", line 44, in main
    cli.start(args.target, args.output, args.special_rules)
  File "/home/jiangying/Durian/src/cli.py", line 61, in start
    send_mail(target, result_file, output, check_result)
  File "/home/jiangying/Durian/src/send_mail.py", line 49, in send_mail
    server = smtplib.SMTP(host=host, port=port)
  File "/usr/lib64/python2.7/smtplib.py", line 255, in __init__
    (code, msg) = self.connect(host, port)
  File "/usr/lib64/python2.7/smtplib.py", line 315, in connect
    self.sock = self._get_socket(host, port, self.timeout)
  File "/usr/lib64/python2.7/smtplib.py", line 290, in _get_socket
    return socket.create_connection((host, port), timeout)
  File "/usr/lib64/python2.7/socket.py", line 571, in create_connection
    raise err
error: [Errno 110] Connection timed out

[2018-04-27 20:04:13,183] INFO [41] target ==/home/jiangying/Sources
[2018-04-27 20:04:13,187] INFO [42] output == None
[2018-04-27 20:04:13,188] INFO [43] rule == None
[2018-04-27 20:04:13,279] INFO [47] 开始扫描...
[2018-04-27 20:04:13,280] INFO [89] 规则文件总个数：9
[2018-04-27 20:04:13,340] INFO [73] 规则条数为9
[2018-04-27 20:04:13,340] INFO [164] 100001日志规则扫描开始...
[2018-04-27 20:04:17,600] INFO [168] 100001日志规则扫描结束，共耗时4.25921416283s
[2018-04-27 20:04:17,601] INFO [164] 100002日志规则扫描开始...
[2018-04-27 20:04:21,386] INFO [168] 100002日志规则扫描结束，共耗时3.78524518013s
[2018-04-27 20:04:21,387] INFO [164] 100003日志规则扫描开始...
[2018-04-27 20:04:25,490] INFO [168] 100003日志规则扫描结束，共耗时4.1036939621s
[2018-04-27 20:04:25,491] INFO [164] 100004日志规则扫描开始...
[2018-04-27 20:04:29,706] INFO [168] 100004日志规则扫描结束，共耗时4.21479415894s
[2018-04-27 20:04:29,706] INFO [164] 100005日志规则扫描开始...
[2018-04-27 20:04:33,401] INFO [168] 100005日志规则扫描结束，共耗时3.69489789009s
[2018-04-27 20:04:33,401] INFO [178] 110001函数注释规则扫描开始...
[2018-04-27 20:04:33,500] INFO [182] 110001函数注释规则扫描结束，共耗时0.09876704216s
[2018-04-27 20:04:33,501] INFO [178] 110002函数注释规则扫描开始...
[2018-04-27 20:04:33,509] INFO [182] 110002函数注释规则扫描结束，共耗时0.0077850818634s
[2018-04-27 20:04:33,509] INFO [192] 120001深度规则扫描开始...
[2018-04-27 20:06:28,192] INFO [203] 120001深度规则扫描结束，共耗时2.39065003395s
[2018-04-27 20:06:28,207] INFO [149] 200001静态规则扫描开始...
[2018-04-27 20:06:32,489] INFO [221]  > continue(out)...
[2018-04-27 20:06:32,491] INFO [153] 200001静态规则扫描结束，共耗时4.28259205818s
[2018-04-27 20:06:32,508] INFO [48] result path == /home/jiangying/Durian/result
[2018-04-27 20:06:32,509] INFO [49] result max_num == 5
[2018-04-27 20:06:32,509] INFO [52] result files size == 1
[2018-04-27 20:06:32,510] INFO [60] result file nums < 5   ...
[2018-04-27 20:06:32,563] INFO [45] receiver == ['', 'jiangying1110@outlook.com']
[2018-04-27 20:06:32,563] INFO [47] host=smtp.qq.com,port=465
[2018-04-27 20:07:32,733] CRITICAL [48] main exception (Connection unexpectedly closed)
[2018-04-27 20:07:32,776] WARNING [50] Traceback (most recent call last):
  File "/home/jiangying/Durian/src/__init__.py", line 44, in main
    cli.start(args.target, args.output, args.special_rules)
  File "/home/jiangying/Durian/src/cli.py", line 61, in start
    send_mail(target, result_file, output, check_result)
  File "/home/jiangying/Durian/src/send_mail.py", line 49, in send_mail
    server = smtplib.SMTP(host=host, port=port)
  File "/usr/lib64/python2.7/smtplib.py", line 255, in __init__
    (code, msg) = self.connect(host, port)
  File "/usr/lib64/python2.7/smtplib.py", line 316, in connect
    (code, msg) = self.getreply()
  File "/usr/lib64/python2.7/smtplib.py", line 367, in getreply
    raise SMTPServerDisconnected("Connection unexpectedly closed")
SMTPServerDisconnected: Connection unexpectedly closed

[2018-04-27 20:19:00,874] INFO [41] target ==/home/jiangying/Sources
[2018-04-27 20:19:00,874] INFO [42] output == None
[2018-04-27 20:19:00,875] INFO [43] rule == cvi-1000001
[2018-04-27 20:19:00,958] INFO [47] 开始扫描...
[2018-04-27 20:19:00,960] INFO [83] sr == cvi-1000001.xml
[2018-04-27 20:19:00,961] WARNING [97] Not regular rule file /home/jiangying/Durian/rules/CVI-1000001.xml
[2018-04-27 20:19:00,961] INFO [73] 规则条数为0
[2018-04-27 20:19:01,075] INFO [48] result path == /home/jiangying/Durian/result
[2018-04-27 20:19:01,076] INFO [49] result max_num == 5
[2018-04-27 20:19:01,077] INFO [52] result files size == 2
[2018-04-27 20:19:01,077] INFO [60] result file nums < 5   ...
[2018-04-27 20:19:01,086] INFO [45] receiver == ['', 'jiangying1110@outlook.com']
[2018-04-27 20:19:01,089] INFO [47] host=smtp.qq.com,port=465
[2018-04-27 20:20:01,169] CRITICAL [48] main exception (Connection unexpectedly closed)
[2018-04-27 20:20:01,173] WARNING [50] Traceback (most recent call last):
  File "/home/jiangying/Durian/src/__init__.py", line 44, in main
    cli.start(args.target, args.output, args.special_rules)
  File "/home/jiangying/Durian/src/cli.py", line 61, in start
    send_mail(target, result_file, output, check_result)
  File "/home/jiangying/Durian/src/send_mail.py", line 49, in send_mail
    server = smtplib.SMTP(host=host, port=port)
  File "/usr/lib64/python2.7/smtplib.py", line 255, in __init__
    (code, msg) = self.connect(host, port)
  File "/usr/lib64/python2.7/smtplib.py", line 316, in connect
    (code, msg) = self.getreply()
  File "/usr/lib64/python2.7/smtplib.py", line 367, in getreply
    raise SMTPServerDisconnected("Connection unexpectedly closed")
SMTPServerDisconnected: Connection unexpectedly closed

[2018-04-27 20:20:19,020] INFO [41] target ==/home/jiangying/Sources
[2018-04-27 20:20:19,021] INFO [42] output == None
[2018-04-27 20:20:19,022] INFO [43] rule == cvi-100001
[2018-04-27 20:20:19,048] INFO [47] 开始扫描...
[2018-04-27 20:20:19,050] INFO [83] sr == cvi-100001.xml
[2018-04-27 20:20:19,182] INFO [73] 规则条数为1
[2018-04-27 20:20:19,199] INFO [164] 100001日志规则扫描开始...
[2018-04-27 20:20:22,937] INFO [168] 100001日志规则扫描结束，共耗时3.73613905907s
[2018-04-27 20:20:22,958] INFO [48] result path == /home/jiangying/Durian/result
[2018-04-27 20:20:22,958] INFO [49] result max_num == 5
[2018-04-27 20:20:22,958] INFO [52] result files size == 3
[2018-04-27 20:20:22,958] INFO [60] result file nums < 5   ...
[2018-04-27 20:20:22,960] INFO [45] receiver == ['', 'jiangying1110@outlook.com']
[2018-04-27 20:20:22,961] INFO [47] host=smtp.qq.com,port=465
[2018-04-27 20:21:22,961] CRITICAL [48] main exception (Connection unexpectedly closed)
[2018-04-27 20:21:22,962] WARNING [50] Traceback (most recent call last):
  File "/home/jiangying/Durian/src/__init__.py", line 44, in main
    cli.start(args.target, args.output, args.special_rules)
  File "/home/jiangying/Durian/src/cli.py", line 61, in start
    send_mail(target, result_file, output, check_result)
  File "/home/jiangying/Durian/src/send_mail.py", line 49, in send_mail
    server = smtplib.SMTP(host=host, port=port)
  File "/usr/lib64/python2.7/smtplib.py", line 255, in __init__
    (code, msg) = self.connect(host, port)
  File "/usr/lib64/python2.7/smtplib.py", line 316, in connect
    (code, msg) = self.getreply()
  File "/usr/lib64/python2.7/smtplib.py", line 367, in getreply
    raise SMTPServerDisconnected("Connection unexpectedly closed")
SMTPServerDisconnected: Connection unexpectedly closed

[2018-04-27 20:23:04,953] INFO [41] target ==/home/jiangying/Sources
[2018-04-27 20:23:04,954] INFO [42] output == None
[2018-04-27 20:23:04,954] INFO [43] rule == cvi-100001
[2018-04-27 20:23:04,970] INFO [47] 开始扫描...
[2018-04-27 20:23:04,971] INFO [83] sr == cvi-100001.xml
[2018-04-27 20:23:04,973] INFO [73] 规则条数为1
[2018-04-27 20:23:04,978] INFO [164] 100001日志规则扫描开始...
[2018-04-27 20:23:09,048] INFO [168] 100001日志规则扫描结束，共耗时4.06875801086s
[2018-04-27 20:23:09,119] INFO [48] result path == /home/jiangying/Durian/result
[2018-04-27 20:23:09,120] INFO [49] result max_num == 5
[2018-04-27 20:23:09,121] INFO [52] result files size == 4
[2018-04-27 20:23:09,121] INFO [60] result file nums < 5   ...
[2018-04-27 20:23:09,137] INFO [45] receiver == ['', 'jiangying1110@outlook.com']
[2018-04-27 20:23:09,138] INFO [47] host=smtp.qq.com,port=465
[2018-04-27 20:23:09,795] INFO [64] add attach file success!
[2018-04-27 20:23:09,797] INFO [66] start login
[2018-04-27 20:23:10,053] CRITICAL [77] [EMAIL] SMTP authentication error.
[2018-04-27 20:23:10,054] INFO [46] [INIT] Done! Consume Time:5.10271787643s
[2018-04-27 20:25:49,451] INFO [41] target ==/home/jiangying/Sources
[2018-04-27 20:25:49,452] INFO [42] output == None
[2018-04-27 20:25:49,452] INFO [43] rule == cvi-100001
[2018-04-27 20:25:49,463] INFO [47] 开始扫描...
[2018-04-27 20:25:49,464] INFO [83] sr == cvi-100001.xml
[2018-04-27 20:25:49,466] INFO [73] 规则条数为1
[2018-04-27 20:25:49,475] INFO [164] 100001日志规则扫描开始...
[2018-04-27 20:25:53,000] INFO [168] 100001日志规则扫描结束，共耗时3.52391219139s
[2018-04-27 20:25:53,030] INFO [48] result path == /home/jiangying/Durian/result
[2018-04-27 20:25:53,030] INFO [49] result max_num == 5
[2018-04-27 20:25:53,030] INFO [52] result files size == 5
[2018-04-27 20:25:53,030] INFO [60] result file nums < 5   ...
[2018-04-27 20:25:53,032] INFO [45] receiver == ['jiangying1110@outlook.com']
[2018-04-27 20:25:53,032] INFO [47] host=smtp.qq.com,port=465
[2018-04-27 20:25:56,001] INFO [64] add attach file success!
[2018-04-27 20:25:56,002] INFO [66] start login
[2018-04-27 20:25:56,731] CRITICAL [77] [EMAIL] SMTP authentication error.
[2018-04-27 20:25:56,733] INFO [46] [INIT] Done! Consume Time:7.28195786476s
[2018-04-27 20:41:42,951] INFO [41] target ==/home/jiangying/Sources
[2018-04-27 20:41:42,951] INFO [42] output == None
[2018-04-27 20:41:42,951] INFO [43] rule == cvi-100001
[2018-04-27 20:41:42,964] INFO [47] 开始扫描...
[2018-04-27 20:41:42,965] INFO [83] sr == cvi-100001.xml
[2018-04-27 20:41:42,968] INFO [73] 规则条数为1
[2018-04-27 20:41:42,979] INFO [164] 100001日志规则扫描开始...
[2018-04-27 20:41:46,674] INFO [168] 100001日志规则扫描结束，共耗时3.69421887398s
[2018-04-27 20:41:46,737] INFO [48] result path == /home/jiangying/Durian/result
[2018-04-27 20:41:46,738] INFO [49] result max_num == 5
[2018-04-27 20:41:46,738] INFO [52] result files size == 6
[2018-04-27 20:41:46,738] INFO [54] result下文件大于5个，清空...
[2018-04-27 20:41:46,748] INFO [45] receiver == ['jiangying1110@outlook.com']
[2018-04-27 20:41:46,749] INFO [47] host=smtp.qq.com,port=465
[2018-04-27 20:41:52,186] INFO [64] add attach file success!
[2018-04-27 20:41:52,186] INFO [66] start login
[2018-04-27 20:41:52,462] CRITICAL [77] [EMAIL] SMTP authentication error.
[2018-04-27 20:41:52,464] INFO [46] [INIT] Done! Consume Time:9.51416802406s
[2018-04-27 20:43:36,566] INFO [41] target ==/home/jiangying/Sources
[2018-04-27 20:43:36,566] INFO [42] output == None
[2018-04-27 20:43:36,566] INFO [43] rule == cvi-100001
[2018-04-27 20:43:36,573] INFO [47] 开始扫描...
[2018-04-27 20:43:36,575] INFO [83] sr == cvi-100001.xml
[2018-04-27 20:43:36,578] INFO [73] 规则条数为1
[2018-04-27 20:43:36,584] INFO [164] 100001日志规则扫描开始...
[2018-04-27 20:43:40,588] INFO [168] 100001日志规则扫描结束，共耗时4.00368905067s
[2018-04-27 20:43:40,617] INFO [48] result path == /home/jiangying/Durian/result
[2018-04-27 20:43:40,618] INFO [49] result max_num == 5
[2018-04-27 20:43:40,618] INFO [52] result files size == 1
[2018-04-27 20:43:40,618] INFO [60] result file nums < 5   ...
[2018-04-27 20:43:40,621] INFO [45] receiver == ['jiangying1110@outlook.com']
[2018-04-27 20:43:40,621] INFO [47] host=smtp.qq.com,port=465
[2018-04-27 20:43:40,894] INFO [64] add attach file success!
[2018-04-27 20:43:40,896] INFO [66] start login
[2018-04-27 20:43:40,896] INFO [67] username=2435978786@qq.com,password=DurianCoder66.
[2018-04-27 20:43:41,153] CRITICAL [78] [EMAIL] SMTP authentication error.
[2018-04-27 20:43:41,155] INFO [46] [INIT] Done! Consume Time:4.59043121338s
[2018-04-27 20:44:46,739] INFO [41] target ==/home/jiangying/Sources
[2018-04-27 20:44:46,740] INFO [42] output == None
[2018-04-27 20:44:46,741] INFO [43] rule == cvi-100001
[2018-04-27 20:44:46,765] INFO [47] 开始扫描...
[2018-04-27 20:44:46,767] INFO [83] sr == cvi-100001.xml
[2018-04-27 20:44:46,771] INFO [73] 规则条数为1
[2018-04-27 20:44:46,790] INFO [164] 100001日志规则扫描开始...
[2018-04-27 20:44:50,554] INFO [168] 100001日志规则扫描结束，共耗时3.76073980331s
[2018-04-27 20:44:50,636] INFO [48] result path == /home/jiangying/Durian/result
[2018-04-27 20:44:50,637] INFO [49] result max_num == 5
[2018-04-27 20:44:50,638] INFO [52] result files size == 2
[2018-04-27 20:44:50,638] INFO [60] result file nums < 5   ...
[2018-04-27 20:44:50,650] INFO [45] receiver == ['jiangying1110@outlook.com']
[2018-04-27 20:44:50,653] INFO [47] host=smtp.qq.com,port=465
[2018-04-27 20:45:50,697] CRITICAL [48] main exception (Connection unexpectedly closed)
[2018-04-27 20:45:50,701] WARNING [50] Traceback (most recent call last):
  File "/home/jiangying/Durian/src/__init__.py", line 44, in main
    cli.start(args.target, args.output, args.special_rules)
  File "/home/jiangying/Durian/src/cli.py", line 61, in start
    send_mail(target, result_file, output, check_result)
  File "/home/jiangying/Durian/src/send_mail.py", line 49, in send_mail
    server = smtplib.SMTP(host=host, port=port)
  File "/usr/lib64/python2.7/smtplib.py", line 255, in __init__
    (code, msg) = self.connect(host, port)
  File "/usr/lib64/python2.7/smtplib.py", line 316, in connect
    (code, msg) = self.getreply()
  File "/usr/lib64/python2.7/smtplib.py", line 367, in getreply
    raise SMTPServerDisconnected("Connection unexpectedly closed")
SMTPServerDisconnected: Connection unexpectedly closed

[2018-04-27 20:50:04,461] INFO [41] target ==/home/jiangying/Sources
[2018-04-27 20:50:04,463] INFO [42] output == None
[2018-04-27 20:50:04,463] INFO [43] rule == cvi-100001
[2018-04-27 20:50:04,481] INFO [47] 开始扫描...
[2018-04-27 20:50:04,483] INFO [83] sr == cvi-100001.xml
[2018-04-27 20:50:04,487] INFO [73] 规则条数为1
[2018-04-27 20:50:04,500] INFO [164] 100001日志规则扫描开始...
[2018-04-27 20:50:08,253] INFO [168] 100001日志规则扫描结束，共耗时3.7481110096s
[2018-04-27 20:50:08,315] INFO [48] result path == /home/jiangying/Durian/result
[2018-04-27 20:50:08,315] INFO [49] result max_num == 5
[2018-04-27 20:50:08,315] INFO [52] result files size == 3
[2018-04-27 20:50:08,315] INFO [60] result file nums < 5   ...
[2018-04-27 20:50:08,318] INFO [45] receiver == ['jiangying1110@outlook.com']
[2018-04-27 20:50:08,318] INFO [47] host=smtp.qq.com,port=465
[2018-04-27 20:50:08,634] INFO [64] add attach file success!
[2018-04-27 20:50:08,635] INFO [66] start login
[2018-04-27 20:50:08,636] INFO [67] username=2435978786@qq.com,password=DurianCoder66.
[2018-04-27 20:50:08,879] CRITICAL [78] [EMAIL] SMTP authentication error.
[2018-04-27 20:50:08,880] INFO [46] [INIT] Done! Consume Time:4.42084097862s
[2018-04-27 20:54:57,063] INFO [41] target ==/home/jiangying/Sources
[2018-04-27 20:54:57,063] INFO [42] output == None
[2018-04-27 20:54:57,063] INFO [43] rule == cvi-100001
[2018-04-27 20:54:57,071] INFO [47] 开始扫描...
[2018-04-27 20:54:57,072] INFO [83] sr == cvi-100001.xml
[2018-04-27 20:54:57,076] INFO [73] 规则条数为1
[2018-04-27 20:54:57,083] INFO [164] 100001日志规则扫描开始...
[2018-04-27 20:55:01,185] INFO [168] 100001日志规则扫描结束，共耗时4.10065698624s
[2018-04-27 20:55:01,230] INFO [48] result path == /home/jiangying/Durian/result
[2018-04-27 20:55:01,230] INFO [49] result max_num == 5
[2018-04-27 20:55:01,230] INFO [52] result files size == 4
[2018-04-27 20:55:01,230] INFO [60] result file nums < 5   ...
[2018-04-27 20:55:01,233] INFO [45] receiver == ['jiangying1110@outlook.com']
[2018-04-27 20:55:01,233] INFO [47] host=smtp.qq.com,port=25
[2018-04-27 20:55:01,465] INFO [64] add attach file success!
[2018-04-27 20:55:01,465] INFO [66] start login
[2018-04-27 20:55:01,465] INFO [67] username=2435978786@qq.com,password=DurianCoder66.
[2018-04-27 20:55:01,757] CRITICAL [78] [EMAIL] SMTP authentication error.
[2018-04-27 20:55:01,759] INFO [46] [INIT] Done! Consume Time:4.69751191139s
[2018-04-27 20:56:01,328] INFO [41] target ==/home/jiangying/Sources
[2018-04-27 20:56:01,329] INFO [42] output == None
[2018-04-27 20:56:01,329] INFO [43] rule == cvi-100001
[2018-04-27 20:56:01,340] INFO [47] 开始扫描...
[2018-04-27 20:56:01,342] INFO [83] sr == cvi-100001.xml
[2018-04-27 20:56:01,345] INFO [73] 规则条数为1
[2018-04-27 20:56:01,354] INFO [164] 100001日志规则扫描开始...
[2018-04-27 20:56:05,025] INFO [168] 100001日志规则扫描结束，共耗时3.66945290565s
[2018-04-27 20:56:05,158] INFO [48] result path == /home/jiangying/Durian/result
[2018-04-27 20:56:05,159] INFO [49] result max_num == 5
[2018-04-27 20:56:05,160] INFO [52] result files size == 5
[2018-04-27 20:56:05,160] INFO [60] result file nums < 5   ...
[2018-04-27 20:56:05,175] INFO [45] receiver == ['jiangying1110@outlook.com']
[2018-04-27 20:56:05,177] INFO [47] host=smtp.qq.com,port=587
[2018-04-27 20:56:10,226] CRITICAL [48] main exception ()
[2018-04-27 20:56:10,303] WARNING [50] Traceback (most recent call last):
  File "/home/jiangying/Durian/src/__init__.py", line 44, in main
    cli.start(args.target, args.output, args.special_rules)
  File "/home/jiangying/Durian/src/cli.py", line 61, in start
    send_mail(target, result_file, output, check_result)
  File "/home/jiangying/Durian/src/send_mail.py", line 48, in send_mail
    server = smtplib.SMTP_SSL(host=host, port=port)
  File "/usr/lib64/python2.7/smtplib.py", line 789, in __init__
    SMTP.__init__(self, host, port, local_hostname, timeout)
  File "/usr/lib64/python2.7/smtplib.py", line 255, in __init__
    (code, msg) = self.connect(host, port)
  File "/usr/lib64/python2.7/smtplib.py", line 315, in connect
    self.sock = self._get_socket(host, port, self.timeout)
  File "/usr/lib64/python2.7/smtplib.py", line 795, in _get_socket
    new_socket = ssl.wrap_socket(new_socket, self.keyfile, self.certfile)
  File "/usr/lib64/python2.7/ssl.py", line 936, in wrap_socket
    ciphers=ciphers)
  File "/usr/lib64/python2.7/ssl.py", line 611, in __init__
    self.do_handshake()
  File "/usr/lib64/python2.7/ssl.py", line 833, in do_handshake
    self._sslobj.do_handshake()
SSLError: [SSL: UNKNOWN_PROTOCOL] unknown protocol (_ssl.c:579)

[2018-04-27 20:58:41,557] INFO [41] target ==/home/jiangying/Sources
[2018-04-27 20:58:41,558] INFO [42] output == None
[2018-04-27 20:58:41,558] INFO [43] rule == cvi-100001
[2018-04-27 20:58:41,566] INFO [47] 开始扫描...
[2018-04-27 20:58:41,568] INFO [83] sr == cvi-100001.xml
[2018-04-27 20:58:41,571] INFO [73] 规则条数为1
[2018-04-27 20:58:41,579] INFO [164] 100001日志规则扫描开始...
[2018-04-27 20:58:45,675] INFO [168] 100001日志规则扫描结束，共耗时4.09550690651s
[2018-04-27 20:58:45,718] INFO [48] result path == /home/jiangying/Durian/result
[2018-04-27 20:58:45,718] INFO [49] result max_num == 5
[2018-04-27 20:58:45,718] INFO [52] result files size == 6
[2018-04-27 20:58:45,718] INFO [54] result下文件大于5个，清空...
[2018-04-27 20:58:45,721] INFO [45] receiver == ['jiangying1110@outlook.com']
[2018-04-27 20:58:45,721] INFO [47] host=smtp.qq.com,port=465
[2018-04-27 20:58:45,826] INFO [64] add attach file success!
[2018-04-27 20:58:45,826] INFO [66] start login
[2018-04-27 20:58:45,826] INFO [67] username=2435978786@qq.com,password=DurianCoder66.
[2018-04-27 20:58:46,078] CRITICAL [78] [EMAIL] SMTP authentication error.
[2018-04-27 20:58:46,080] INFO [46] [INIT] Done! Consume Time:4.52362203598s
[2018-04-27 21:02:55,372] INFO [41] target ==/home/jiangying/Sources
[2018-04-27 21:02:55,372] INFO [42] output == None
[2018-04-27 21:02:55,372] INFO [43] rule == cvi-100001
[2018-04-27 21:02:55,383] INFO [47] 开始扫描...
[2018-04-27 21:02:55,385] INFO [83] sr == cvi-100001.xml
[2018-04-27 21:02:55,387] INFO [73] 规则条数为1
[2018-04-27 21:02:55,395] INFO [164] 100001日志规则扫描开始...
[2018-04-27 21:02:59,502] INFO [168] 100001日志规则扫描结束，共耗时4.10569596291s
[2018-04-27 21:02:59,526] INFO [48] result path == /home/jiangying/Durian/result
[2018-04-27 21:02:59,526] INFO [49] result max_num == 5
[2018-04-27 21:02:59,527] INFO [52] result files size == 1
[2018-04-27 21:02:59,527] INFO [60] result file nums < 5   ...
[2018-04-27 21:02:59,529] INFO [45] receiver == ['jiangying1110@outlook.com']
[2018-04-27 21:02:59,529] INFO [47] host=smtp.qq.com,port=465
[2018-04-27 21:02:59,797] INFO [64] add attach file success!
[2018-04-27 21:02:59,797] INFO [66] start login
[2018-04-27 21:02:59,798] INFO [67] username=2435978786@qq.com,password=DurianCoder66.
[2018-04-27 21:03:00,063] CRITICAL [80] [EMAIL] SMTP authentication error.
[2018-04-27 21:03:00,064] INFO [46] [INIT] Done! Consume Time:4.6935198307s
[2018-04-27 21:07:36,717] INFO [41] target ==/home/jiangying/Sources
[2018-04-27 21:07:36,717] INFO [42] output == None
[2018-04-27 21:07:36,717] INFO [43] rule == cvi-100001
[2018-04-27 21:07:36,727] INFO [47] 开始扫描...
[2018-04-27 21:07:36,729] INFO [83] sr == cvi-100001.xml
[2018-04-27 21:07:36,731] INFO [73] 规则条数为1
[2018-04-27 21:07:36,739] INFO [164] 100001日志规则扫描开始...
[2018-04-27 21:07:40,511] INFO [168] 100001日志规则扫描结束，共耗时3.77057290077s
[2018-04-27 21:07:40,594] INFO [48] result path == /home/jiangying/Durian/result
[2018-04-27 21:07:40,595] INFO [49] result max_num == 5
[2018-04-27 21:07:40,595] INFO [52] result files size == 2
[2018-04-27 21:07:40,595] INFO [60] result file nums < 5   ...
[2018-04-27 21:07:40,607] INFO [45] receiver == ['jiangying1110@outlook.com']
[2018-04-27 21:07:40,608] INFO [47] host=smtp.qq.com,port=465
[2018-04-27 21:07:40,736] INFO [64] add attach file success!
[2018-04-27 21:07:40,736] INFO [66] start login
[2018-04-27 21:07:40,737] INFO [67] username=2435978786@qq.com,password=DurianCoder66.
[2018-04-27 21:07:41,102] CRITICAL [81] [EMAIL] SMTP authentication error.
[2018-04-27 21:07:41,104] INFO [46] [INIT] Done! Consume Time:4.38876700401s
[2018-04-27 21:08:20,791] INFO [41] target ==/home/jiangying/Sources
[2018-04-27 21:08:20,791] INFO [42] output == None
[2018-04-27 21:08:20,792] INFO [43] rule == cvi-100001
[2018-04-27 21:08:20,817] INFO [47] 开始扫描...
[2018-04-27 21:08:20,819] INFO [83] sr == cvi-100001.xml
[2018-04-27 21:08:20,822] INFO [73] 规则条数为1
[2018-04-27 21:08:20,832] INFO [164] 100001日志规则扫描开始...
[2018-04-27 21:08:24,790] INFO [168] 100001日志规则扫描结束，共耗时3.95657014847s
[2018-04-27 21:08:24,872] INFO [48] result path == /home/jiangying/Durian/result
[2018-04-27 21:08:24,873] INFO [49] result max_num == 5
[2018-04-27 21:08:24,874] INFO [52] result files size == 3
[2018-04-27 21:08:24,875] INFO [60] result file nums < 5   ...
[2018-04-27 21:08:24,898] INFO [45] receiver == ['jiangying1110@outlook.com']
[2018-04-27 21:08:24,899] INFO [47] host=smtp.qq.com,port=465
[2018-04-27 21:08:30,372] INFO [64] add attach file success!
[2018-04-27 21:08:30,373] INFO [66] start login
[2018-04-27 21:08:30,374] INFO [67] username=2435978786@qq.com,password=vnikxhjnskghecdd
[2018-04-27 21:08:30,549] INFO [71] 登陆成功..,开始发送邮件..
[2018-04-27 21:08:31,287] INFO [73] 邮件发送成功!
[2018-04-27 21:08:31,309] INFO [75] [EMAIL] Email delivered successfully.
[2018-04-27 21:08:31,311] INFO [46] [INIT] Done! Consume Time:10.5217280388s
[2018-04-27 21:13:23,349] INFO [41] target ==/home/jiangying/Sources
[2018-04-27 21:13:23,349] INFO [42] output == None
[2018-04-27 21:13:23,350] INFO [43] rule == None
[2018-04-27 21:13:23,359] INFO [47] 开始扫描...
[2018-04-27 21:13:23,361] INFO [89] 规则文件总个数：9
[2018-04-27 21:13:23,424] INFO [73] 规则条数为9
[2018-04-27 21:13:23,424] INFO [164] 100001日志规则扫描开始...
[2018-04-27 21:13:27,619] INFO [168] 100001日志规则扫描结束，共耗时4.19429206848s
[2018-04-27 21:13:27,619] INFO [164] 100002日志规则扫描开始...
[2018-04-27 21:13:31,358] INFO [168] 100002日志规则扫描结束，共耗时3.73838806152s
[2018-04-27 21:13:31,358] INFO [164] 100003日志规则扫描开始...
[2018-04-27 21:13:35,630] INFO [168] 100003日志规则扫描结束，共耗时4.27186203003s
[2018-04-27 21:13:35,630] INFO [164] 100004日志规则扫描开始...
[2018-04-27 21:13:39,953] INFO [168] 100004日志规则扫描结束，共耗时4.32295107841s
[2018-04-27 21:13:39,954] INFO [164] 100005日志规则扫描开始...
[2018-04-27 21:13:43,807] INFO [168] 100005日志规则扫描结束，共耗时3.85325407982s
[2018-04-27 21:13:43,807] INFO [178] 110001函数注释规则扫描开始...
[2018-04-27 21:13:44,028] INFO [182] 110001函数注释规则扫描结束，共耗时0.220556974411s
[2018-04-27 21:13:44,028] INFO [178] 110002函数注释规则扫描开始...
[2018-04-27 21:13:44,037] INFO [182] 110002函数注释规则扫描结束，共耗时0.00862002372742s
[2018-04-27 21:13:44,038] INFO [192] 120001深度规则扫描开始...
[2018-04-27 21:15:35,952] INFO [203] 120001深度规则扫描结束，共耗时2.13470005989s
[2018-04-27 21:15:35,993] INFO [149] 200001静态规则扫描开始...
[2018-04-27 21:15:40,458] INFO [221]  > continue(out)...
[2018-04-27 21:15:40,458] INFO [153] 200001静态规则扫描结束，共耗时4.46445417404s
[2018-04-27 21:15:40,470] INFO [48] result path == /home/jiangying/Durian/result
[2018-04-27 21:15:40,470] INFO [49] result max_num == 5
[2018-04-27 21:15:40,470] INFO [52] result files size == 4
[2018-04-27 21:15:40,471] INFO [60] result file nums < 5   ...
[2018-04-27 21:15:40,489] INFO [45] receiver == ['jiangying1110@outlook.com']
[2018-04-27 21:15:40,489] INFO [47] host=smtp.qq.com,port=465
[2018-04-27 21:15:41,008] INFO [65] add attach file success!
[2018-04-27 21:15:41,009] INFO [67] start login
[2018-04-27 21:15:41,009] INFO [68] username=2435978786@qq.com,password=vnikxhjnskghecdd
[2018-04-27 21:15:41,155] INFO [72] 登陆成功..,开始发送邮件..
[2018-04-27 21:15:42,169] INFO [74] 邮件发送成功!
[2018-04-27 21:15:42,182] INFO [76] [EMAIL] Email delivered successfully.
[2018-04-27 21:15:42,184] INFO [46] [INIT] Done! Consume Time:138.835309982s
